<?xml version="1.0" encoding="UTF-8"?>
<coverage generated="1755696060173" clover="3.2.0">
  <project timestamp="1755696060173" name="All files">
    <metrics statements="16" coveredstatements="14" conditionals="8" coveredconditionals="5" methods="8" coveredmethods="4" elements="32" coveredelements="23" complexity="0" loc="16" ncloc="16" packages="2" files="2" classes="2"/>
    <package name="app">
      <metrics statements="11" coveredstatements="9" conditionals="8" coveredconditionals="5" methods="5" coveredmethods="3"/>
      <file name="_layout.tsx" path="D:\Learnings\my-webscite\app\_layout.tsx">
        <metrics statements="11" coveredstatements="9" conditionals="8" coveredconditionals="5" methods="5" coveredmethods="3"/>
        <line num="10" count="1" type="cond" truecount="1" falsecount="1"/>
        <line num="11" count="1" type="stmt"/>
        <line num="15" count="1" type="stmt"/>
        <line num="16" count="1" type="stmt"/>
        <line num="17" count="1" type="stmt"/>
        <line num="19" count="1" type="stmt"/>
        <line num="20" count="0" type="stmt"/>
        <line num="22" count="1" type="stmt"/>
        <line num="33" count="1" type="stmt"/>
        <line num="34" count="1" type="stmt"/>
        <line num="39" count="0" type="cond" truecount="1" falsecount="1"/>
      </file>
    </package>
    <package name="components.context">
      <metrics statements="5" coveredstatements="5" conditionals="0" coveredconditionals="0" methods="3" coveredmethods="1"/>
      <file name="AppbarHeightContext.tsx" path="D:\Learnings\my-webscite\components\context\AppbarHeightContext.tsx">
        <metrics statements="5" coveredstatements="5" conditionals="0" coveredconditionals="0" methods="3" coveredmethods="1"/>
        <line num="7" count="1" type="stmt"/>
        <line num="15" count="1" type="stmt"/>
        <line num="16" count="1" type="stmt"/>
        <line num="18" count="1" type="stmt"/>
        <line num="31" count="1" type="stmt"/>
      </file>
    </package>
  </project>
</coverage>
