{"D:\\Learnings\\my-webscite\\app\\_layout.tsx": {"path":"D:\\Learnings\\my-webscite\\app\\_layout.tsx","statementMap":{"0":{"start":{"line":10,"column":0},"end":{"line":12,"column":1}},"1":{"start":{"line":11,"column":2},"end":{"line":11,"column":50}},"2":{"start":{"line":15,"column":36},"end":{"line":15,"column":51}},"3":{"start":{"line":16,"column":19},"end":{"line":16,"column":32}},"4":{"start":{"line":17,"column":2},"end":{"line":24,"column":9}},"5":{"start":{"line":19,"column":20},"end":{"line":21,"column":12}},"6":{"start":{"line":20,"column":6},"end":{"line":20,"column":24}},"7":{"start":{"line":22,"column":4},"end":{"line":22,"column":39}},"8":{"start":{"line":22,"column":17},"end":{"line":22,"column":38}},"9":{"start":{"line":33,"column":23},"end":{"line":33,"column":46}},"10":{"start":{"line":34,"column":2},"end":{"line":49,"column":4}},"11":{"start":{"line":39,"column":53},"end":{"line":39,"column":63}}},"fnMap":{"0":{"name":"Layout","decl":{"start":{"line":14,"column":24},"end":{"line":14,"column":30}},"loc":{"start":{"line":14,"column":33},"end":{"line":50,"column":1}},"line":14},"1":{"name":"(anonymous_1)","decl":{"start":{"line":17,"column":12},"end":{"line":17,"column":13}},"loc":{"start":{"line":17,"column":18},"end":{"line":24,"column":3}},"line":17},"2":{"name":"(anonymous_2)","decl":{"start":{"line":19,"column":31},"end":{"line":19,"column":32}},"loc":{"start":{"line":19,"column":37},"end":{"line":21,"column":5}},"line":19},"3":{"name":"(anonymous_3)","decl":{"start":{"line":22,"column":11},"end":{"line":22,"column":12}},"loc":{"start":{"line":22,"column":17},"end":{"line":22,"column":38}},"line":22},"4":{"name":"(anonymous_4)","decl":{"start":{"line":39,"column":47},"end":{"line":39,"column":48}},"loc":{"start":{"line":39,"column":53},"end":{"line":39,"column":63}},"line":39}},"branchMap":{"0":{"loc":{"start":{"line":10,"column":0},"end":{"line":12,"column":1}},"type":"if","locations":[{"start":{"line":10,"column":0},"end":{"line":12,"column":1}},{"start":{},"end":{}}],"line":10},"1":{"loc":{"start":{"line":39,"column":20},"end":{"line":39,"column":63}},"type":"cond-expr","locations":[{"start":{"line":39,"column":35},"end":{"line":39,"column":44}},{"start":{"line":39,"column":47},"end":{"line":39,"column":63}}],"line":39},"2":{"loc":{"start":{"line":40,"column":25},"end":{"line":40,"column":52}},"type":"cond-expr","locations":[{"start":{"line":40,"column":40},"end":{"line":40,"column":45}},{"start":{"line":40,"column":48},"end":{"line":40,"column":52}}],"line":40},"3":{"loc":{"start":{"line":44,"column":7},"end":{"line":46,"column":13}},"type":"binary-expr","locations":[{"start":{"line":44,"column":7},"end":{"line":44,"column":18}},{"start":{"line":44,"column":22},"end":{"line":46,"column":13}}],"line":44}},"s":{"0":1,"1":1,"2":1,"3":1,"4":1,"5":1,"6":0,"7":1,"8":1,"9":1,"10":1,"11":0},"f":{"0":1,"1":1,"2":0,"3":1,"4":0},"b":{"0":[1,0],"1":[0,1],"2":[0,1],"3":[1,1]},"_coverageSchema":"1a1c01bbd47fc00a2c39e90264f33305004495a9","hash":"69b23bf46982616d7166f9feee35062c66f98191"}
,"D:\\Learnings\\my-webscite\\components\\context\\AppbarHeightContext.tsx": {"path":"D:\\Learnings\\my-webscite\\components\\context\\AppbarHeightContext.tsx","statementMap":{"0":{"start":{"line":7,"column":28},"end":{"line":13,"column":2}},"1":{"start":{"line":15,"column":36},"end":{"line":29,"column":1}},"2":{"start":{"line":16,"column":32},"end":{"line":16,"column":43}},"3":{"start":{"line":18,"column":4},"end":{"line":28,"column":6}},"4":{"start":{"line":31,"column":31},"end":{"line":31,"column":68}},"5":{"start":{"line":31,"column":37},"end":{"line":31,"column":68}}},"fnMap":{"0":{"name":"(anonymous_0)","decl":{"start":{"line":12,"column":15},"end":{"line":12,"column":16}},"loc":{"start":{"line":12,"column":21},"end":{"line":12,"column":24}},"line":12},"1":{"name":"(anonymous_1)","decl":{"start":{"line":15,"column":36},"end":{"line":15,"column":37}},"loc":{"start":{"line":15,"column":85},"end":{"line":29,"column":1}},"line":15},"2":{"name":"(anonymous_2)","decl":{"start":{"line":31,"column":31},"end":{"line":31,"column":32}},"loc":{"start":{"line":31,"column":37},"end":{"line":31,"column":68}},"line":31}},"branchMap":{},"s":{"0":1,"1":1,"2":1,"3":1,"4":1,"5":0},"f":{"0":0,"1":1,"2":0},"b":{},"_coverageSchema":"1a1c01bbd47fc00a2c39e90264f33305004495a9","hash":"2a59e165ce1313b30a6c1b70b2056ba6c8554186"}
}
