TN:
SF:app\_layout.tsx
FN:14,Layout
FN:17,(anonymous_1)
FN:19,(anonymous_2)
FN:22,(anonymous_3)
FN:39,(anonymous_4)
FNF:5
FNH:3
FNDA:1,Layout
FNDA:1,(anonymous_1)
FNDA:0,(anonymous_2)
FNDA:1,(anonymous_3)
FNDA:0,(anonymous_4)
DA:10,1
DA:11,1
DA:15,1
DA:16,1
DA:17,1
DA:19,1
DA:20,0
DA:22,1
DA:33,1
DA:34,1
DA:39,0
LF:11
LH:9
BRDA:10,0,0,1
BRDA:10,0,1,0
BRDA:39,1,0,0
BRDA:39,1,1,1
BRDA:40,2,0,0
BRDA:40,2,1,1
BRDA:44,3,0,1
BRDA:44,3,1,1
BRF:8
BRH:5
end_of_record
TN:
SF:components\context\AppbarHeightContext.tsx
FN:12,(anonymous_0)
FN:15,(anonymous_1)
FN:31,(anonymous_2)
FNF:3
FNH:1
FNDA:0,(anonymous_0)
FNDA:1,(anonymous_1)
FNDA:0,(anonymous_2)
DA:7,1
DA:15,1
DA:16,1
DA:18,1
DA:31,1
LF:5
LH:5
BRF:0
BRH:0
end_of_record
